<?xml version="1.0" encoding="UTF-8"?>
<beans xmlns="http://www.springframework.org/schema/beans"
    xmlns:xsi="http://www.w3.org/2001/XMLSchema-instance" xmlns:context="http://www.springframework.org/schema/context"
    xmlns:tx="http://www.springframework.org/schema/tx"
    xsi:schemaLocation="http://www.springframework.org/schema/beans
                        http://www.springframework.org/schema/beans/spring-beans.xsd
                        http://www.springframework.org/schema/context
                        http://www.springframework.org/schema/context/spring-context.xsd
                        http://www.springframework.org/schema/tx
                        http://www.springframework.org/schema/tx/spring-tx.xsd">

    <context:property-placeholder location="classpath*:META-INF/*.properties" />

    <context:component-scan base-package="de.terrestris.shoguncore.dao" />

     <!-- HIKARI CP config-->
     <bean id="hikariConfigTest" class="com.zaxxer.hikari.HikariConfig">
         <property name="dataSourceClassName" value="${hikari.dataSourceClassName}"/>
         <property name="dataSourceProperties">
             <props>
                 <prop key="url">${jdbc.url}</prop>
                 <prop key="user">${jdbc.username}</prop>
                 <prop key="password">${jdbc.password}</prop>
             </props>
         </property>
     </bean>

     <bean id="testDataSource" class="com.zaxxer.hikari.HikariDataSource" destroy-method="close">
         <constructor-arg ref="hikariConfigTest"/>
     </bean>

    <bean id="sessionFactory"
        class="org.springframework.orm.hibernate5.LocalSessionFactoryBean">
        <property name="dataSource" ref="testDataSource" />
        <property name="packagesToScan" value="de.terrestris.shoguncore.model" />
        <property name="hibernateProperties">
            <props>
                <prop key="hibernate.dialect">${hibernate.dialect}</prop>
                <prop key="hibernate.show_sql">${hibernate.show_sql}</prop>
                <prop key="hibernate.id.new_generator_mappings">${hibernate.id.new_generator_mappings}</prop>
                <prop key="hibernate.hbm2ddl.auto">${hibernate.hbm2ddl.auto}</prop>
                <prop key="hibernate.cache.region.factory_class">org.hibernate.cache.jcache.JCacheRegionFactory</prop>
                <prop key="hibernate.javax.cache.missing_cache_strategy">create</prop>
            </props>
        </property>
    </bean>

    <tx:annotation-driven transaction-manager="transactionManager" />

    <bean id="transactionManager"
        class="org.springframework.orm.hibernate5.HibernateTransactionManager">
        <property name="sessionFactory" ref="sessionFactory" />
    </bean>

</beans>
